SF:/workspaces/hassclient2_prototype/src/NetDaemon.HassClient/Internal/HomeAssistantApiManager.cs
FN:27,System.Void NetDaemon.Client.Internal.HomeAssistantApiManager::InitializeHttpClientWithAuthorizationHeaders(System.String)
FNDA:7,System.Void NetDaemon.Client.Internal.HomeAssistantApiManager::InitializeHttpClientWithAuthorizationHeaders(System.String)
DA:28,7
DA:29,7
DA:30,7
DA:31,7
DA:32,7
DA:33,7
DA:34,7
DA:35,7
BRDA:29,12,0,7
BRDA:29,12,1,7
FN:37,System.String NetDaemon.Client.Internal.HomeAssistantApiManager::GetApiUrl(NetDaemon.Client.Common.Settings.HomeAssistantSettings)
FNDA:7,System.String NetDaemon.Client.Internal.HomeAssistantApiManager::GetApiUrl(NetDaemon.Client.Common.Settings.HomeAssistantSettings)
DA:38,7
DA:39,7
DA:40,0
DA:42,0
DA:45,7
DA:46,7
DA:47,7
BRDA:39,19,0,0
BRDA:39,19,1,7
BRDA:45,36,0,7
BRDA:45,36,1,0
FN:7,System.Void NetDaemon.Client.Internal.HomeAssistantApiManager::.ctor(Microsoft.Extensions.Options.IOptions`1<NetDaemon.Client.Common.Settings.HomeAssistantSettings>,System.Net.Http.HttpClient)
FNDA:7,System.Void NetDaemon.Client.Internal.HomeAssistantApiManager::.ctor(Microsoft.Extensions.Options.IOptions`1<NetDaemon.Client.Common.Settings.HomeAssistantSettings>,System.Net.Http.HttpClient)
DA:8,7
DA:9,7
DA:10,7
DA:11,7
DA:12,7
DA:13,7
DA:14,7
DA:15,7
DA:16,7
DA:21,7
DA:22,7
DA:23,7
DA:24,7
DA:25,7
FN:50,System.Void NetDaemon.Client.Internal.HomeAssistantApiManager/<GetApiCall>d__6`1::MoveNext()
FNDA:0,System.Void NetDaemon.Client.Internal.HomeAssistantApiManager/<GetApiCall>d__6`1::MoveNext()
DA:51,0
DA:52,0
DA:54,0
DA:55,0
DA:57,0
DA:58,0
DA:59,0
DA:60,0
DA:62,0
DA:63,0
BRDA:57,248,0,0
BRDA:57,248,1,0
FN:65,System.Void NetDaemon.Client.Internal.HomeAssistantApiManager/<PostApiCall>d__7`1::MoveNext()
FNDA:0,System.Void NetDaemon.Client.Internal.HomeAssistantApiManager/<PostApiCall>d__7`1::MoveNext()
DA:66,0
DA:67,0
DA:68,0
DA:70,0
DA:71,0
DA:72,0
DA:73,0
DA:74,0
DA:76,0
DA:77,0
DA:78,0
DA:79,0
DA:81,0
DA:82,0
DA:83,0
DA:85,0
DA:86,0
DA:87,0
DA:88,0
DA:89,0
DA:90,0
DA:92,0
DA:93,0
DA:94,0
BRDA:70,71,0,0
BRDA:70,71,1,0
BRDA:76,177,0,0
BRDA:76,177,1,0
BRDA:85,390,0,0
BRDA:87,446,0,0
BRDA:87,446,1,0
BRDA:85,390,1,0
LF:63
LH:27
BRF:16
BRH:4
FNF:5
FNH:3
end_of_record
SF:/workspaces/hassclient2_prototype/src/NetDaemon.HassClient/Internal/HomeAssistantClient.cs
FN:23,System.Uri NetDaemon.Client.Internal.HomeAssistantClient::GetHomeAssistantWebSocketUri(System.String,System.Int32,System.Boolean)
FNDA:7,System.Uri NetDaemon.Client.Internal.HomeAssistantClient::GetHomeAssistantWebSocketUri(System.String,System.Int32,System.Boolean)
DA:24,7
DA:25,7
DA:26,7
BRDA:25,14,0,7
BRDA:25,14,1,0
FN:9,System.Void NetDaemon.Client.Internal.HomeAssistantClient::.ctor(Microsoft.Extensions.Logging.ILogger`1<NetDaemon.Client.Internal.HomeAssistantClient>,NetDaemon.Client.Internal.Net.IWebSocketClientFactory,NetDaemon.Client.Internal.Net.IWebSocketClientTransportPipelineFactory,NetDaemon.Client.Internal.IHomeAssistantConnectionFactory)
FNDA:7,System.Void NetDaemon.Client.Internal.HomeAssistantClient::.ctor(Microsoft.Extensions.Logging.ILogger`1<NetDaemon.Client.Internal.HomeAssistantClient>,NetDaemon.Client.Internal.Net.IWebSocketClientFactory,NetDaemon.Client.Internal.Net.IWebSocketClientTransportPipelineFactory,NetDaemon.Client.Internal.IHomeAssistantConnectionFactory)
DA:10,7
DA:11,7
DA:12,7
DA:13,7
DA:14,7
DA:15,7
DA:16,7
DA:17,7
DA:18,7
DA:19,7
DA:20,7
DA:21,7
FN:63,System.Void NetDaemon.Client.Internal.HomeAssistantClient/<CheckIfRunning>d__7::MoveNext()
FNDA:6,System.Void NetDaemon.Client.Internal.HomeAssistantClient/<CheckIfRunning>d__7::MoveNext()
DA:64,6
DA:65,6
DA:66,6
DA:68,6
DA:69,6
DA:70,6
DA:71,6
DA:73,6
DA:74,6
BRDA:68,189,0,0
BRDA:68,189,1,6
FN:28,System.Void NetDaemon.Client.Internal.HomeAssistantClient/<ConnectAsync>d__6::MoveNext()
FNDA:7,System.Void NetDaemon.Client.Internal.HomeAssistantClient/<ConnectAsync>d__6::MoveNext()
DA:29,7
DA:30,7
DA:32,7
DA:35,7
DA:36,7
DA:38,7
DA:40,7
DA:42,6
DA:44,6
DA:45,0
DA:46,0
DA:47,0
DA:49,6
DA:51,0
DA:52,0
DA:53,0
DA:54,0
DA:56,1
DA:57,1
DA:58,1
DA:59,1
DA:61,6
BRDA:44,554,0,0
BRDA:44,554,1,6
FN:76,System.Void NetDaemon.Client.Internal.HomeAssistantClient/<HandleAutorizationSequence>d__8::MoveNext()
FNDA:7,System.Void NetDaemon.Client.Internal.HomeAssistantClient/<HandleAutorizationSequence>d__8::MoveNext()
DA:77,7
DA:78,7
DA:79,7
DA:82,7
DA:83,7
DA:84,0
DA:87,7
DA:88,7
DA:89,7
DA:90,7
DA:92,7
DA:94,7
DA:97,6
DA:100,1
DA:103,0
DA:105,6
BRDA:83,251,0,0
BRDA:83,251,1,7
BRDA:94,622,0,1
BRDA:94,622,1,6
BRDA:94,636,1,1
BRDA:94,636,0,0
LF:62
LH:53
BRF:12
BRH:7
FNF:5
FNH:5
end_of_record
SF:/workspaces/hassclient2_prototype/src/NetDaemon.HassClient/Internal/HomeAssistantConnection.cs
FN:14,System.Int32 NetDaemon.Client.Internal.HomeAssistantConnection::get_WaitForResultTimeout()
FNDA:17,System.Int32 NetDaemon.Client.Internal.HomeAssistantConnection::get_WaitForResultTimeout()
DA:15,17
FN:20,System.IObservable`1<NetDaemon.Client.Common.HomeAssistant.Model.HassEvent> NetDaemon.Client.Internal.HomeAssistantConnection::get_OnHomeAssistantEvent()
FNDA:0,System.IObservable`1<NetDaemon.Client.Common.HomeAssistant.Model.HassEvent> NetDaemon.Client.Internal.HomeAssistantConnection::get_OnHomeAssistantEvent()
DA:21,0
FN:21,System.IObservable`1<NetDaemon.Client.Internal.HomeAssistant.Commands.HassMessage> NetDaemon.Client.Internal.HomeAssistantConnection::get_OnHassMessage()
FNDA:0,System.IObservable`1<NetDaemon.Client.Internal.HomeAssistant.Commands.HassMessage> NetDaemon.Client.Internal.HomeAssistantConnection::get_OnHassMessage()
DA:22,0
FN:62,System.Threading.Tasks.Task NetDaemon.Client.Internal.HomeAssistantConnection::SendCommandAsync(T,System.Threading.CancellationToken)
FNDA:0,System.Threading.Tasks.Task NetDaemon.Client.Internal.HomeAssistantConnection::SendCommandAsync(T,System.Threading.CancellationToken)
DA:63,0
DA:64,0
DA:65,0
DA:66,0
FN:118,System.Threading.Tasks.Task NetDaemon.Client.Internal.HomeAssistantConnection::CloseAsync()
FNDA:6,System.Threading.Tasks.Task NetDaemon.Client.Internal.HomeAssistantConnection::CloseAsync()
DA:119,6
DA:120,6
DA:121,6
FN:147,System.Threading.Tasks.Task`1<T> NetDaemon.Client.Internal.HomeAssistantConnection::GetApiCall(System.String,System.Threading.CancellationToken)
FNDA:0,System.Threading.Tasks.Task`1<T> NetDaemon.Client.Internal.HomeAssistantConnection::GetApiCall(System.String,System.Threading.CancellationToken)
DA:148,0
FN:150,System.Threading.Tasks.Task`1<T> NetDaemon.Client.Internal.HomeAssistantConnection::PostApiCall(System.String,System.Threading.CancellationToken,System.Object)
FNDA:0,System.Threading.Tasks.Task`1<T> NetDaemon.Client.Internal.HomeAssistantConnection::PostApiCall(System.String,System.Threading.CancellationToken,System.Object)
DA:151,0
FN:9,System.Void NetDaemon.Client.Internal.HomeAssistantConnection::.ctor(Microsoft.Extensions.Logging.ILogger`1<NetDaemon.Client.Common.IHomeAssistantConnection>,NetDaemon.Client.Internal.Net.IWebSocketClientTransportPipeline,NetDaemon.Client.Common.IHomeAssistantApiManager)
FNDA:6,System.Void NetDaemon.Client.Internal.HomeAssistantConnection::.ctor(Microsoft.Extensions.Logging.ILogger`1<NetDaemon.Client.Common.IHomeAssistantConnection>,NetDaemon.Client.Internal.Net.IWebSocketClientTransportPipeline,NetDaemon.Client.Common.IHomeAssistantApiManager)
DA:10,6
DA:12,6
DA:17,6
DA:29,6
DA:30,6
DA:31,6
DA:32,6
DA:33,6
DA:34,6
DA:35,6
DA:36,6
DA:37,6
DA:39,6
DA:40,0
DA:42,12
DA:43,6
DA:44,6
BRDA:35,51,0,0
BRDA:35,51,1,6
BRDA:39,103,0,0
BRDA:39,103,1,6
FN:72,System.Boolean NetDaemon.Client.Internal.HomeAssistantConnection/<>c__DisplayClass19_0`2::<SendCommandAndReturnResponseAsync>b__0(NetDaemon.Client.Internal.HomeAssistant.Commands.HassMessage)
FNDA:11,System.Boolean NetDaemon.Client.Internal.HomeAssistantConnection/<>c__DisplayClass19_0`2::<SendCommandAndReturnResponseAsync>b__0(NetDaemon.Client.Internal.HomeAssistant.Commands.HassMessage)
DA:73,11
BRDA:73,16,0,11
BRDA:73,16,1,0
FN:123,System.Void NetDaemon.Client.Internal.HomeAssistantConnection/<DisposeAsync>d__22::MoveNext()
FNDA:6,System.Void NetDaemon.Client.Internal.HomeAssistantConnection/<DisposeAsync>d__22::MoveNext()
DA:124,6
DA:126,6
DA:127,6
DA:128,6
DA:129,0
DA:130,0
DA:131,0
DA:132,0
DA:134,6
DA:135,0
DA:138,6
DA:139,6
DA:140,6
DA:141,6
DA:143,6
DA:144,6
DA:145,6
BRDA:134,236,0,0
BRDA:134,236,1,6
FN:96,System.Void NetDaemon.Client.Internal.HomeAssistantConnection/<HandleNewMessages>d__20::MoveNext()
FNDA:6,System.Void NetDaemon.Client.Internal.HomeAssistantConnection/<HandleNewMessages>d__20::MoveNext()
DA:97,6
DA:99,6
DA:100,17
DA:101,17
DA:102,17
DA:103,11
DA:104,11
DA:105,0
DA:106,0
DA:107,0
DA:109,0
DA:111,6
DA:112,6
DA:114,6
DA:115,6
DA:116,6
DA:117,0
BRDA:100,243,1,17
BRDA:100,243,0,0
BRDA:114,313,0,6
BRDA:114,313,1,6
FN:46,System.Void NetDaemon.Client.Internal.HomeAssistantConnection/<ProcessHomeAssistantEventsAsync>d__16::MoveNext()
FNDA:0,System.Void NetDaemon.Client.Internal.HomeAssistantConnection/<ProcessHomeAssistantEventsAsync>d__16::MoveNext()
DA:47,0
DA:48,0
DA:49,0
DA:50,0
DA:51,0
DA:53,0
DA:54,0
DA:55,0
FN:68,System.Void NetDaemon.Client.Internal.HomeAssistantConnection/<SendCommandAndReturnResponseAsync>d__19`2::MoveNext()
FNDA:11,System.Void NetDaemon.Client.Internal.HomeAssistantConnection/<SendCommandAndReturnResponseAsync>d__19`2::MoveNext()
DA:69,11
DA:70,11
DA:72,11
DA:74,11
DA:75,11
DA:76,11
DA:78,11
DA:79,11
DA:80,11
DA:82,11
DA:83,0
DA:85,11
DA:86,11
DA:87,11
DA:88,1
DA:90,10
DA:93,0
DA:94,11
BRDA:79,428,0,0
BRDA:79,428,1,11
BRDA:82,461,0,0
BRDA:82,461,1,11
BRDA:82,490,0,0
BRDA:82,490,1,11
BRDA:82,532,0,0
BRDA:83,608,0,0
BRDA:83,608,1,0
BRDA:82,532,1,11
BRDA:85,645,0,0
BRDA:85,645,1,11
BRDA:85,684,0,11
BRDA:87,722,0,1
BRDA:87,722,1,10
BRDA:85,684,1,0
FN:57,System.Void NetDaemon.Client.Internal.HomeAssistantConnection/<SubscribeToAllHomeAssistantEvents>d__17::MoveNext()
FNDA:0,System.Void NetDaemon.Client.Internal.HomeAssistantConnection/<SubscribeToAllHomeAssistantEvents>d__17::MoveNext()
DA:58,0
DA:59,0
DA:60,0
LF:93
LH:61
BRF:28
BRH:15
FNF:14
FNH:7
end_of_record
SF:/workspaces/hassclient2_prototype/src/NetDaemon.HassClient/Internal/HomeAssistantConnectionFactory.cs
FN:17,NetDaemon.Client.Common.IHomeAssistantConnection NetDaemon.Client.Internal.HomeAssistantConnectionFactory::New(NetDaemon.Client.Internal.Net.IWebSocketClientTransportPipeline)
FNDA:6,NetDaemon.Client.Common.IHomeAssistantConnection NetDaemon.Client.Internal.HomeAssistantConnectionFactory::New(NetDaemon.Client.Internal.Net.IWebSocketClientTransportPipeline)
DA:18,6
DA:19,6
DA:20,6
FN:7,System.Void NetDaemon.Client.Internal.HomeAssistantConnectionFactory::.ctor(Microsoft.Extensions.Logging.ILogger`1<NetDaemon.Client.Common.IHomeAssistantConnection>,NetDaemon.Client.Common.IHomeAssistantApiManager)
FNDA:7,System.Void NetDaemon.Client.Internal.HomeAssistantConnectionFactory::.ctor(Microsoft.Extensions.Logging.ILogger`1<NetDaemon.Client.Common.IHomeAssistantConnection>,NetDaemon.Client.Common.IHomeAssistantApiManager)
DA:8,7
DA:9,7
DA:10,7
DA:11,7
DA:12,7
DA:13,7
DA:14,7
DA:15,7
LF:11
LH:11
BRF:0
BRH:0
FNF:2
FNH:2
end_of_record
SF:/workspaces/hassclient2_prototype/src/NetDaemon.HassClient/Internal/HomeAssistantRunner.cs
FN:19,System.IObservable`1<NetDaemon.Client.Common.IHomeAssistantConnection> NetDaemon.Client.Internal.HomeAssistantRunner::get_OnConnect()
FNDA:0,System.IObservable`1<NetDaemon.Client.Common.IHomeAssistantConnection> NetDaemon.Client.Internal.HomeAssistantRunner::get_OnConnect()
DA:20,0
FN:22,System.IObservable`1<NetDaemon.Client.Common.DisconnectReason> NetDaemon.Client.Internal.HomeAssistantRunner::get_OnDisconnect()
FNDA:0,System.IObservable`1<NetDaemon.Client.Common.DisconnectReason> NetDaemon.Client.Internal.HomeAssistantRunner::get_OnDisconnect()
DA:23,0
FN:24,Microsoft.Extensions.Logging.ILogger`1<NetDaemon.Client.Common.IHomeAssistantRunner> NetDaemon.Client.Internal.HomeAssistantRunner::get_Logger()
FNDA:0,Microsoft.Extensions.Logging.ILogger`1<NetDaemon.Client.Common.IHomeAssistantRunner> NetDaemon.Client.Internal.HomeAssistantRunner::get_Logger()
DA:25,0
FN:27,System.Threading.Tasks.Task NetDaemon.Client.Internal.HomeAssistantRunner::RunAsync(System.String,System.Int32,System.Boolean,System.String,System.TimeSpan,System.Threading.CancellationToken)
FNDA:0,System.Threading.Tasks.Task NetDaemon.Client.Internal.HomeAssistantRunner::RunAsync(System.String,System.Int32,System.Boolean,System.String,System.TimeSpan,System.Threading.CancellationToken)
DA:28,0
DA:29,0
DA:30,0
DA:31,0
FN:8,System.Void NetDaemon.Client.Internal.HomeAssistantRunner::.ctor(NetDaemon.Client.Common.IHomeAssistantClient,Microsoft.Extensions.Logging.ILogger`1<NetDaemon.Client.Common.IHomeAssistantRunner>)
FNDA:0,System.Void NetDaemon.Client.Internal.HomeAssistantRunner::.ctor(NetDaemon.Client.Common.IHomeAssistantClient,Microsoft.Extensions.Logging.ILogger`1<NetDaemon.Client.Common.IHomeAssistantRunner>)
DA:9,0
DA:11,0
DA:12,0
DA:13,0
DA:14,0
DA:15,0
DA:16,0
DA:17,0
DA:18,0
DA:19,0
DA:22,0
FN:108,System.Void NetDaemon.Client.Internal.HomeAssistantRunner/<DisposeAsync>d__15::MoveNext()
FNDA:0,System.Void NetDaemon.Client.Internal.HomeAssistantRunner/<DisposeAsync>d__15::MoveNext()
DA:109,0
DA:110,0
DA:111,0
DA:112,0
DA:114,0
DA:115,0
DA:116,0
DA:117,0
DA:118,0
DA:119,0
DA:120,0
DA:121,0
DA:123,0
DA:124,0
DA:125,0
DA:126,0
DA:127,0
DA:128,0
BRDA:111,44,0,0
BRDA:111,44,1,0
BRDA:111,60,0,0
BRDA:111,60,1,0
FN:33,System.Void NetDaemon.Client.Internal.HomeAssistantRunner/<InternalRunAsync>d__14::MoveNext()
FNDA:0,System.Void NetDaemon.Client.Internal.HomeAssistantRunner/<InternalRunAsync>d__14::MoveNext()
DA:34,0
DA:35,0
DA:37,0
DA:38,0
DA:39,0
DA:40,0
DA:41,0
DA:42,0
DA:43,0
DA:45,0
DA:46,0
DA:48,0
DA:49,0
DA:51,0
DA:52,0
DA:53,0
DA:54,0
DA:55,0
DA:56,0
DA:57,0
DA:60,0
DA:61,0
DA:62,0
DA:64,0
DA:65,0
DA:66,0
DA:68,0
DA:69,0
DA:70,0
DA:71,0
DA:72,0
DA:73,0
DA:76,0
DA:78,0
DA:79,0
DA:81,0
DA:82,0
DA:83,0
DA:84,0
DA:85,0
DA:86,0
DA:87,0
DA:90,0
DA:91,0
DA:92,0
DA:95,0
DA:96,0
DA:97,0
DA:99,0
DA:100,0
DA:101,0
DA:102,0
DA:103,0
DA:104,0
DA:105,0
DA:106,0
BRDA:39,1304,1,0
BRDA:41,108,0,0
BRDA:41,108,1,0
BRDA:46,303,0,0
BRDA:46,303,1,0
BRDA:57,725,0,0
BRDA:57,732,1,0
BRDA:57,725,1,0
BRDA:57,732,0,0
BRDA:72,888,0,0
BRDA:72,888,1,0
BRDA:78,911,0,0
BRDA:78,911,1,0
BRDA:91,1059,0,0
BRDA:91,1059,1,0
BRDA:103,1223,0,0
BRDA:103,1223,1,0
BRDA:39,1304,0,0
LF:92
LH:0
BRF:22
BRH:0
FNF:7
FNH:0
end_of_record
SF:/workspaces/hassclient2_prototype/src/NetDaemon.HassClient/Internal/Net/WebSocketClientFactory.cs
FN:4,NetDaemon.Client.Internal.Net.IWebSocketClient NetDaemon.Client.Internal.Net.WebSocketClientFactory::New()
FNDA:8,NetDaemon.Client.Internal.Net.IWebSocketClient NetDaemon.Client.Internal.Net.WebSocketClientFactory::New()
DA:5,8
LF:1
LH:1
BRF:0
BRH:0
FNF:1
FNH:1
end_of_record
SF:/workspaces/hassclient2_prototype/src/NetDaemon.HassClient/Internal/Net/WebSocketClientImpl.cs
FN:10,System.Net.WebSockets.WebSocketState NetDaemon.Client.Internal.Net.WebSocketClientImpl::get_State()
FNDA:130,System.Net.WebSockets.WebSocketState NetDaemon.Client.Internal.Net.WebSocketClientImpl::get_State()
DA:11,130
FN:12,System.Nullable`1<System.Net.WebSockets.WebSocketCloseStatus> NetDaemon.Client.Internal.Net.WebSocketClientImpl::get_CloseStatus()
FNDA:56,System.Nullable`1<System.Net.WebSockets.WebSocketCloseStatus> NetDaemon.Client.Internal.Net.WebSocketClientImpl::get_CloseStatus()
DA:13,56
FN:14,System.Threading.Tasks.Task NetDaemon.Client.Internal.Net.WebSocketClientImpl::ConnectAsync(System.Uri,System.Threading.CancellationToken)
FNDA:7,System.Threading.Tasks.Task NetDaemon.Client.Internal.Net.WebSocketClientImpl::ConnectAsync(System.Uri,System.Threading.CancellationToken)
DA:15,7
FN:18,System.Threading.Tasks.Task NetDaemon.Client.Internal.Net.WebSocketClientImpl::CloseAsync(System.Net.WebSockets.WebSocketCloseStatus,System.String,System.Threading.CancellationToken)
FNDA:6,System.Threading.Tasks.Task NetDaemon.Client.Internal.Net.WebSocketClientImpl::CloseAsync(System.Net.WebSockets.WebSocketCloseStatus,System.String,System.Threading.CancellationToken)
DA:19,6
FN:22,System.Threading.Tasks.Task NetDaemon.Client.Internal.Net.WebSocketClientImpl::CloseOutputAsync(System.Net.WebSockets.WebSocketCloseStatus,System.String,System.Threading.CancellationToken)
FNDA:0,System.Threading.Tasks.Task NetDaemon.Client.Internal.Net.WebSocketClientImpl::CloseOutputAsync(System.Net.WebSockets.WebSocketCloseStatus,System.String,System.Threading.CancellationToken)
DA:23,0
FN:26,System.Threading.Tasks.Task NetDaemon.Client.Internal.Net.WebSocketClientImpl::SendAsync(System.ArraySegment`1<System.Byte>,System.Net.WebSockets.WebSocketMessageType,System.Boolean,System.Threading.CancellationToken)
FNDA:18,System.Threading.Tasks.Task NetDaemon.Client.Internal.Net.WebSocketClientImpl::SendAsync(System.ArraySegment`1<System.Byte>,System.Net.WebSockets.WebSocketMessageType,System.Boolean,System.Threading.CancellationToken)
DA:27,18
FN:34,System.Threading.Tasks.Task`1<System.Net.WebSockets.WebSocketReceiveResult> NetDaemon.Client.Internal.Net.WebSocketClientImpl::ReceiveAsync(System.ArraySegment`1<System.Byte>,System.Threading.CancellationToken)
FNDA:0,System.Threading.Tasks.Task`1<System.Net.WebSockets.WebSocketReceiveResult> NetDaemon.Client.Internal.Net.WebSocketClientImpl::ReceiveAsync(System.ArraySegment`1<System.Byte>,System.Threading.CancellationToken)
DA:35,0
FN:37,System.Threading.Tasks.ValueTask`1<System.Net.WebSockets.ValueWebSocketReceiveResult> NetDaemon.Client.Internal.Net.WebSocketClientImpl::ReceiveAsync(System.Memory`1<System.Byte>,System.Threading.CancellationToken)
FNDA:38,System.Threading.Tasks.ValueTask`1<System.Net.WebSockets.ValueWebSocketReceiveResult> NetDaemon.Client.Internal.Net.WebSocketClientImpl::ReceiveAsync(System.Memory`1<System.Byte>,System.Threading.CancellationToken)
DA:38,38
FN:40,System.Threading.Tasks.ValueTask NetDaemon.Client.Internal.Net.WebSocketClientImpl::DisposeAsync()
FNDA:6,System.Threading.Tasks.ValueTask NetDaemon.Client.Internal.Net.WebSocketClientImpl::DisposeAsync()
DA:41,6
DA:42,6
DA:43,6
DA:44,6
FN:49,System.Void NetDaemon.Client.Internal.Net.WebSocketClientImpl::.ctor(System.String)
FNDA:8,System.Void NetDaemon.Client.Internal.Net.WebSocketClientImpl::.ctor(System.String)
DA:50,8
DA:51,8
DA:52,8
DA:54,8
DA:55,8
DA:56,8
DA:57,0
DA:58,0
DA:59,0
DA:60,0
DA:61,8
DA:62,8
DA:63,0
DA:64,0
DA:65,0
DA:66,8
DA:67,0
DA:68,8
DA:69,8
DA:70,8
BRDA:54,45,0,8
BRDA:54,45,1,8
BRDA:58,8,0,0
BRDA:58,8,1,0
BRDA:63,16,0,0
BRDA:63,16,1,0
BRDA:63,34,0,0
BRDA:63,34,1,0
BRDA:63,52,0,0
BRDA:63,52,1,0
FN:30,System.Void NetDaemon.Client.Internal.Net.WebSocketClientImpl/<SendAsync>d__9::MoveNext()
FNDA:0,System.Void NetDaemon.Client.Internal.Net.WebSocketClientImpl/<SendAsync>d__9::MoveNext()
DA:31,0
LF:33
LH:22
BRF:10
BRH:2
FNF:11
FNH:8
end_of_record
SF:/workspaces/hassclient2_prototype/src/NetDaemon.HassClient/Internal/Net/WebSocketTransportPipeline.cs
FN:8,System.Int32 NetDaemon.Client.Internal.Net.WebSocketClientTransportPipeline::get_DefaultTimeOut()
FNDA:16,System.Int32 NetDaemon.Client.Internal.Net.WebSocketClientTransportPipeline::get_DefaultTimeOut()
DA:9,16
FN:10,System.Net.WebSockets.WebSocketState NetDaemon.Client.Internal.Net.WebSocketClientTransportPipeline::get_WebSocketState()
FNDA:6,System.Net.WebSockets.WebSocketState NetDaemon.Client.Internal.Net.WebSocketClientTransportPipeline::get_WebSocketState()
DA:11,6
FN:143,System.Threading.Tasks.Task NetDaemon.Client.Internal.Net.WebSocketClientTransportPipeline::SendMessageAsync(T,System.Threading.CancellationToken)
FNDA:20,System.Threading.Tasks.Task NetDaemon.Client.Internal.Net.WebSocketClientTransportPipeline::SendMessageAsync(T,System.Threading.CancellationToken)
DA:144,20
DA:145,20
DA:146,1
DA:148,19
DA:149,19
DA:150,19
DA:151,19
DA:153,19
DA:154,19
DA:156,19
DA:157,19
BRDA:145,8,0,20
BRDA:145,22,0,19
BRDA:145,8,1,1
BRDA:145,22,1,1
BRDA:145,48,0,1
BRDA:145,48,1,19
FN:6,System.Void NetDaemon.Client.Internal.Net.WebSocketClientTransportPipeline::.ctor(NetDaemon.Client.Internal.Net.IWebSocketClient,Microsoft.Extensions.Logging.ILogger`1<NetDaemon.Client.Internal.Net.IWebSocketClientTransportPipeline>)
FNDA:16,System.Void NetDaemon.Client.Internal.Net.WebSocketClientTransportPipeline::.ctor(NetDaemon.Client.Internal.Net.IWebSocketClient,Microsoft.Extensions.Logging.ILogger`1<NetDaemon.Client.Internal.Net.IWebSocketClientTransportPipeline>)
DA:7,16
DA:13,16
DA:15,16
DA:16,16
DA:17,16
DA:18,16
DA:19,16
DA:216,16
DA:217,16
DA:218,16
DA:219,16
DA:220,16
BRDA:17,60,0,0
BRDA:17,60,1,16
FN:21,System.Void NetDaemon.Client.Internal.Net.WebSocketClientTransportPipeline/<CloseAsync>d__9::MoveNext()
FNDA:7,System.Void NetDaemon.Client.Internal.Net.WebSocketClientTransportPipeline/<CloseAsync>d__9::MoveNext()
DA:22,7
DA:23,7
DA:24,7
FN:26,System.Void NetDaemon.Client.Internal.Net.WebSocketClientTransportPipeline/<DisposeAsync>d__10::MoveNext()
FNDA:8,System.Void NetDaemon.Client.Internal.Net.WebSocketClientTransportPipeline/<DisposeAsync>d__10::MoveNext()
DA:27,8
DA:29,8
DA:32,8
DA:33,7
DA:34,1
DA:35,1
DA:37,1
DA:38,8
DA:39,8
FN:41,System.Void NetDaemon.Client.Internal.Net.WebSocketClientTransportPipeline/<GetNextMessageAsync>d__11`1::MoveNext()
FNDA:35,System.Void NetDaemon.Client.Internal.Net.WebSocketClientTransportPipeline/<GetNextMessageAsync>d__11`1::MoveNext()
DA:42,35
DA:43,35
DA:44,7
DA:46,28
DA:47,28
DA:48,28
DA:49,28
DA:51,28
DA:56,28
DA:57,28
DA:58,28
DA:61,27
DA:62,27
DA:65,28
DA:66,28
DA:67,28
DA:68,27
BRDA:43,40,0,7
BRDA:43,40,1,28
FN:76,System.Void NetDaemon.Client.Internal.Net.WebSocketClientTransportPipeline/<ReadMessageFromPipelineAndSerializeAsync>d__12`1::MoveNext()
FNDA:28,System.Void NetDaemon.Client.Internal.Net.WebSocketClientTransportPipeline/<ReadMessageFromPipelineAndSerializeAsync>d__12`1::MoveNext()
DA:77,28
DA:79,28
DA:80,28
DA:81,28
DA:82,28
DA:83,27
DA:86,28
DA:88,28
DA:89,28
DA:90,27
BRDA:80,216,0,0
BRDA:80,216,1,27
BRDA:89,441,0,1
BRDA:89,441,1,27
BRDA:89,483,1,27
BRDA:89,483,0,0
FN:103,System.Void NetDaemon.Client.Internal.Net.WebSocketClientTransportPipeline/<ReadMessageFromWebSocketAndWriteToPipelineAsync>d__13::MoveNext()
FNDA:28,System.Void NetDaemon.Client.Internal.Net.WebSocketClientTransportPipeline/<ReadMessageFromWebSocketAndWriteToPipelineAsync>d__13::MoveNext()
DA:104,28
DA:106,28
DA:107,44
DA:108,43
DA:109,43
DA:110,43
DA:111,43
DA:112,43
DA:113,43
DA:114,42
DA:115,42
DA:117,42
DA:119,42
DA:120,27
DA:121,27
DA:123,15
DA:124,1
DA:125,1
DA:128,1
DA:131,1
DA:132,1
DA:133,16
DA:134,28
DA:136,28
DA:140,28
DA:141,28
DA:142,28
BRDA:107,766,1,43
BRDA:111,289,0,42
BRDA:111,289,1,1
BRDA:111,315,0,42
BRDA:119,504,0,27
BRDA:119,504,1,15
BRDA:111,315,1,1
BRDA:124,541,0,1
BRDA:124,541,1,16
BRDA:107,716,0,44
BRDA:107,729,0,43
BRDA:107,716,1,1
BRDA:107,729,1,1
BRDA:107,766,0,28
BRDA:141,928,0,0
BRDA:141,928,1,28
FN:178,System.Void NetDaemon.Client.Internal.Net.WebSocketClientTransportPipeline/<SendCorrectCloseFrameToRemoteWebSocket>d__15::MoveNext()
FNDA:16,System.Void NetDaemon.Client.Internal.Net.WebSocketClientTransportPipeline/<SendCorrectCloseFrameToRemoteWebSocket>d__15::MoveNext()
DA:179,16
DA:180,16
DA:183,16
DA:184,16
DA:185,1
DA:187,1
DA:189,1
DA:190,0
DA:191,1
DA:192,15
DA:193,9
DA:195,9
DA:196,8
DA:197,0
DA:198,8
DA:199,15
DA:200,0
DA:201,0
DA:203,0
DA:205,16
DA:208,16
DA:209,10
DA:210,16
DA:211,15
BRDA:184,99,0,1
BRDA:189,403,1,0
BRDA:189,371,0,0
BRDA:189,371,1,1
BRDA:189,403,0,1
BRDA:184,99,1,15
BRDA:192,437,0,9
BRDA:196,609,0,0
BRDA:196,609,1,8
BRDA:192,437,1,15
BRDA:208,661,0,10
BRDA:208,661,1,16
LF:115
LH:110
BRF:44
BRH:37
FNF:10
FNH:10
end_of_record
SF:/workspaces/hassclient2_prototype/src/NetDaemon.HassClient/Internal/Net/WebSocketTransportPipelineFactory.cs
FN:11,NetDaemon.Client.Internal.Net.IWebSocketClientTransportPipeline NetDaemon.Client.Internal.Net.WebSocketClientTransportPipelineFactory::New(NetDaemon.Client.Internal.Net.IWebSocketClient)
FNDA:7,NetDaemon.Client.Internal.Net.IWebSocketClientTransportPipeline NetDaemon.Client.Internal.Net.WebSocketClientTransportPipelineFactory::New(NetDaemon.Client.Internal.Net.IWebSocketClient)
DA:12,7
DA:13,7
DA:14,0
DA:16,7
DA:17,7
BRDA:13,15,0,0
BRDA:13,15,1,7
FN:6,System.Void NetDaemon.Client.Internal.Net.WebSocketClientTransportPipelineFactory::.ctor(Microsoft.Extensions.Logging.ILogger`1<NetDaemon.Client.Internal.Net.IWebSocketClientTransportPipeline>)
FNDA:7,System.Void NetDaemon.Client.Internal.Net.WebSocketClientTransportPipelineFactory::.ctor(Microsoft.Extensions.Logging.ILogger`1<NetDaemon.Client.Internal.Net.IWebSocketClientTransportPipeline>)
DA:7,7
DA:8,7
DA:9,14
LF:8
LH:7
BRF:2
BRH:1
FNF:2
FNH:2
end_of_record
SF:/workspaces/hassclient2_prototype/src/NetDaemon.HassClient/Internal/Json/HassDeviceModelConverter.cs
FN:4,System.String NetDaemon.Client.Internal.Json.HassDeviceModelConverter::Read(System.Text.Json.Utf8JsonReader&,System.Type,System.Text.Json.JsonSerializerOptions)
FNDA:2,System.String NetDaemon.Client.Internal.Json.HassDeviceModelConverter::Read(System.Text.Json.Utf8JsonReader&,System.Type,System.Text.Json.JsonSerializerOptions)
DA:5,2
DA:6,2
DA:7,0
DA:8,0
DA:9,0
DA:11,2
DA:12,2
DA:13,2
DA:16,0
DA:17,2
BRDA:6,12,0,0
BRDA:6,12,1,2
BRDA:11,48,0,2
BRDA:11,48,1,0
FN:19,System.Void NetDaemon.Client.Internal.Json.HassDeviceModelConverter::Write(System.Text.Json.Utf8JsonWriter,System.String,System.Text.Json.JsonSerializerOptions)
FNDA:0,System.Void NetDaemon.Client.Internal.Json.HassDeviceModelConverter::Write(System.Text.Json.Utf8JsonWriter,System.String,System.Text.Json.JsonSerializerOptions)
DA:20,0
BRDA:20,1,1,0
BRDA:20,1,0,0
LF:11
LH:6
BRF:6
BRH:2
FNF:2
FNH:1
end_of_record
SF:/workspaces/hassclient2_prototype/src/NetDaemon.HassClient/Internal/Json/NullableEnumStringConverter.cs
FN:18,TEnum NetDaemon.Client.Internal.Json.NullableEnumStringConverter`1::Read(System.Text.Json.Utf8JsonReader&,System.Type,System.Text.Json.JsonSerializerOptions)
FNDA:7,TEnum NetDaemon.Client.Internal.Json.NullableEnumStringConverter`1::Read(System.Text.Json.Utf8JsonReader&,System.Type,System.Text.Json.JsonSerializerOptions)
DA:19,7
DA:20,7
DA:22,7
DA:23,0
DA:25,7
DA:26,0
DA:27,0
DA:28,0
DA:31,7
DA:32,7
DA:33,7
DA:36,0
DA:37,7
BRDA:22,14,0,7
BRDA:22,14,1,0
BRDA:22,27,0,0
BRDA:22,27,1,7
BRDA:25,52,0,0
BRDA:25,52,1,7
BRDA:31,106,0,7
BRDA:31,106,1,0
FN:40,System.Void NetDaemon.Client.Internal.Json.NullableEnumStringConverter`1::Write(System.Text.Json.Utf8JsonWriter,TEnum,System.Text.Json.JsonSerializerOptions)
FNDA:0,System.Void NetDaemon.Client.Internal.Json.NullableEnumStringConverter`1::Write(System.Text.Json.Utf8JsonWriter,TEnum,System.Text.Json.JsonSerializerOptions)
DA:41,0
DA:42,0
FN:7,System.Void NetDaemon.Client.Internal.Json.NullableEnumStringConverter`1::.ctor()
FNDA:1,System.Void NetDaemon.Client.Internal.Json.NullableEnumStringConverter`1::.ctor()
DA:8,1
DA:9,1
DA:10,1
DA:12,1
DA:13,1
DA:14,1
DA:15,1
BRDA:12,42,0,0
BRDA:12,42,1,1
LF:22
LH:15
BRF:10
BRH:5
FNF:3
FNH:2
end_of_record
SF:/workspaces/hassclient2_prototype/src/NetDaemon.HassClient/Internal/Json/SnakeCaseNamingPolicy.cs
FN:4,NetDaemon.Client.Internal.Json.SnakeCaseNamingPolicy NetDaemon.Client.Internal.Json.SnakeCaseNamingPolicy::get_Instance()
FNDA:2,NetDaemon.Client.Internal.Json.SnakeCaseNamingPolicy NetDaemon.Client.Internal.Json.SnakeCaseNamingPolicy::get_Instance()
DA:5,2
FN:7,System.String NetDaemon.Client.Internal.Json.SnakeCaseNamingPolicy::ConvertName(System.String)
FNDA:16,System.String NetDaemon.Client.Internal.Json.SnakeCaseNamingPolicy::ConvertName(System.String)
DA:8,16
DA:9,16
DA:10,16
FN:12,System.String NetDaemon.Client.Internal.Json.SnakeCaseNamingPolicy::ToSnakeCase(System.String)
FNDA:16,System.String NetDaemon.Client.Internal.Json.SnakeCaseNamingPolicy::ToSnakeCase(System.String)
DA:13,16
DA:14,132
DA:15,16
BRDA:14,2,0,100
BRDA:14,2,1,113
BRDA:14,10,0,113
BRDA:14,10,1,3
LF:7
LH:7
BRF:4
BRH:4
FNF:3
FNH:3
end_of_record
SF:/workspaces/hassclient2_prototype/src/NetDaemon.HassClient/Internal/Helpers/HttpHelper.cs
FN:5,System.Net.Http.HttpClient NetDaemon.Client.Internal.Helpers.HttpHelper::CreateHttpClient()
FNDA:0,System.Net.Http.HttpClient NetDaemon.Client.Internal.Helpers.HttpHelper::CreateHttpClient()
DA:6,0
FN:7,System.Net.Http.HttpMessageHandler NetDaemon.Client.Internal.Helpers.HttpHelper::CreateHttpMessageHandler()
FNDA:0,System.Net.Http.HttpMessageHandler NetDaemon.Client.Internal.Helpers.HttpHelper::CreateHttpMessageHandler()
DA:8,0
DA:9,0
DA:10,0
DA:11,0
DA:12,0
DA:15,0
DA:16,0
BRDA:10,20,0,0
BRDA:10,20,1,0
FN:18,System.Net.Http.HttpMessageHandler NetDaemon.Client.Internal.Helpers.HttpHelper::CreateHttpMessageHandler(System.String)
FNDA:0,System.Net.Http.HttpMessageHandler NetDaemon.Client.Internal.Helpers.HttpHelper::CreateHttpMessageHandler(System.String)
DA:19,0
DA:20,0
DA:21,0
DA:22,0
DA:23,0
DA:24,0
DA:25,0
DA:26,0
DA:27,0
DA:28,0
DA:29,0
DA:30,0
DA:31,0
DA:32,0
BRDA:24,8,0,0
BRDA:24,8,1,0
BRDA:29,16,0,0
BRDA:29,16,1,0
LF:22
LH:0
BRF:6
BRH:0
FNF:3
FNH:0
end_of_record
SF:/workspaces/hassclient2_prototype/src/NetDaemon.HassClient/Internal/Extensions/CancellationExtensions.cs
FN:10,System.Threading.Tasks.Task NetDaemon.Client.Internal.Extensions.CancellationTokenExtensions::AsTask(System.Threading.CancellationToken)
FNDA:0,System.Threading.Tasks.Task NetDaemon.Client.Internal.Extensions.CancellationTokenExtensions::AsTask(System.Threading.CancellationToken)
DA:11,0
DA:12,0
DA:13,0
FN:19,System.Threading.Tasks.Task`1<T> NetDaemon.Client.Internal.Extensions.CancellationTokenExtensions::AsTask(System.Threading.CancellationToken)
FNDA:0,System.Threading.Tasks.Task`1<T> NetDaemon.Client.Internal.Extensions.CancellationTokenExtensions::AsTask(System.Threading.CancellationToken)
DA:20,0
DA:21,0
DA:22,0
DA:23,0
DA:24,0
LF:8
LH:0
BRF:0
BRH:0
FNF:2
FNH:0
end_of_record
SF:/workspaces/hassclient2_prototype/src/NetDaemon.HassClient/Internal/Extensions/JsonExtensions.cs
FN:10,T NetDaemon.Client.Internal.Extensions.JsonExtensions::ToObject(System.Text.Json.JsonElement,System.Text.Json.JsonSerializerOptions)
FNDA:10,T NetDaemon.Client.Internal.Extensions.JsonExtensions::ToObject(System.Text.Json.JsonElement,System.Text.Json.JsonSerializerOptions)
DA:11,10
DA:12,10
DA:13,10
DA:14,10
DA:15,10
DA:16,10
DA:18,10
DA:19,10
BRDA:18,66,0,0
BRDA:18,66,1,10
FN:20,System.Nullable`1<System.Text.Json.JsonElement> NetDaemon.Client.Internal.Extensions.JsonExtensions::ToJsonElement(T,System.Text.Json.JsonSerializerOptions)
FNDA:0,System.Nullable`1<System.Text.Json.JsonElement> NetDaemon.Client.Internal.Extensions.JsonExtensions::ToJsonElement(T,System.Text.Json.JsonSerializerOptions)
DA:21,0
DA:22,0
DA:23,0
DA:24,0
DA:25,0
BRDA:22,12,0,0
BRDA:22,12,1,0
FN:31,System.Collections.Generic.IReadOnlyCollection`1<NetDaemon.Client.Common.HomeAssistant.Model.HassServiceDomain> NetDaemon.Client.Internal.Extensions.JsonExtensions::ToServicesResult(System.Text.Json.JsonElement)
FNDA:1,System.Collections.Generic.IReadOnlyCollection`1<NetDaemon.Client.Common.HomeAssistant.Model.HassServiceDomain> NetDaemon.Client.Internal.Extensions.JsonExtensions::ToServicesResult(System.Text.Json.JsonElement)
DA:32,1
DA:33,1
DA:34,1
DA:36,1
DA:37,0
DA:39,53
DA:40,25
DA:41,25
DA:42,25
DA:43,25
DA:44,25
DA:45,25
DA:46,25
DA:47,25
DA:179,1
DA:180,1
BRDA:36,39,0,0
BRDA:36,39,1,1
BRDA:39,141,1,25
BRDA:39,141,0,1
FN:49,System.Collections.Generic.IReadOnlyCollection`1<NetDaemon.Client.Common.HomeAssistant.Model.HassService> NetDaemon.Client.Internal.Extensions.JsonExtensions::<ToServicesResult>g__getServices|3_0(System.Text.Json.JsonElement,NetDaemon.Client.Internal.Extensions.JsonExtensions/<>c__DisplayClass3_0&)
FNDA:25,System.Collections.Generic.IReadOnlyCollection`1<NetDaemon.Client.Common.HomeAssistant.Model.HassService> NetDaemon.Client.Internal.Extensions.JsonExtensions::<ToServicesResult>g__getServices|3_0(System.Text.Json.JsonElement,NetDaemon.Client.Internal.Extensions.JsonExtensions/<>c__DisplayClass3_0&)
DA:50,25
DA:51,25
DA:52,237
DA:53,81
DA:54,81
DA:55,81
DA:56,25
DA:57,25
BRDA:52,70,1,81
BRDA:52,70,0,25
FN:59,NetDaemon.Client.Common.HomeAssistant.Model.HassService NetDaemon.Client.Internal.Extensions.JsonExtensions::<ToServicesResult>g__getServiceFields|3_1(System.String,System.Text.Json.JsonElement,NetDaemon.Client.Internal.Extensions.JsonExtensions/<>c__DisplayClass3_0&)
FNDA:81,NetDaemon.Client.Common.HomeAssistant.Model.HassService NetDaemon.Client.Internal.Extensions.JsonExtensions::<ToServicesResult>g__getServiceFields|3_1(System.String,System.Text.Json.JsonElement,NetDaemon.Client.Internal.Extensions.JsonExtensions/<>c__DisplayClass3_0&)
DA:60,81
DA:61,81
DA:63,81
DA:64,81
DA:66,807
DA:67,282
DA:68,282
DA:71,81
DA:72,81
DA:74,373
DA:75,65
DA:76,65
DA:77,65
DA:78,81
DA:80,39
DA:81,39
DA:83,282
DA:84,81
DA:85,81
DA:86,81
DA:87,81
DA:88,81
DA:89,81
DA:90,81
DA:91,81
BRDA:66,255,1,282
BRDA:68,69,0,201
BRDA:68,83,0,120
BRDA:68,69,1,81
BRDA:68,83,1,81
BRDA:74,198,1,65
BRDA:74,198,0,81
BRDA:68,97,1,39
BRDA:68,97,0,282
BRDA:66,255,0,81
FN:93,System.Object NetDaemon.Client.Internal.Extensions.JsonExtensions::<ToServicesResult>g__getSelector|3_2(System.String,System.Text.Json.JsonElement,NetDaemon.Client.Internal.Extensions.JsonExtensions/<>c__DisplayClass3_0&)
FNDA:104,System.Object NetDaemon.Client.Internal.Extensions.JsonExtensions::<ToServicesResult>g__getSelector|3_2(System.String,System.Text.Json.JsonElement,NetDaemon.Client.Internal.Extensions.JsonExtensions/<>c__DisplayClass3_0&)
DA:94,104
DA:95,9466
DA:97,104
DA:98,0
DA:99,0
DA:102,104
DA:103,104
DA:104,51
DA:105,51
DA:108,53
DA:109,53
DA:110,53
DA:111,53
DA:112,53
DA:114,53
DA:115,53
DA:116,53
DA:117,104
BRDA:97,44,0,0
BRDA:97,44,1,104
BRDA:102,63,0,53
BRDA:102,63,1,104
BRDA:102,82,0,104
BRDA:102,92,0,51
BRDA:102,92,1,53
BRDA:102,82,1,0
BRDA:102,114,0,51
BRDA:102,114,1,53
FN:119,NetDaemon.Client.Common.HomeAssistant.Model.HassServiceField NetDaemon.Client.Internal.Extensions.JsonExtensions::<ToServicesResult>g__getField|3_3(System.String,System.Text.Json.JsonElement,NetDaemon.Client.Internal.Extensions.JsonExtensions/<>c__DisplayClass3_0&)
FNDA:65,NetDaemon.Client.Common.HomeAssistant.Model.HassServiceField NetDaemon.Client.Internal.Extensions.JsonExtensions::<ToServicesResult>g__getField|3_3(System.String,System.Text.Json.JsonElement,NetDaemon.Client.Internal.Extensions.JsonExtensions/<>c__DisplayClass3_0&)
DA:120,65
DA:121,65
DA:122,65
DA:123,65
DA:124,65
DA:126,737
DA:127,271
DA:128,271
DA:131,65
DA:132,65
DA:134,24
DA:135,24
DA:137,42
DA:140,34
DA:141,34
DA:143,5
DA:144,3
DA:146,2
DA:147,5
DA:150,2
DA:151,2
DA:153,0
DA:154,0
DA:156,0
DA:157,0
DA:159,1
DA:160,1
DA:162,42
DA:164,65
DA:165,65
DA:166,65
DA:168,271
DA:169,65
DA:170,65
DA:171,65
DA:172,65
DA:173,65
DA:174,65
DA:175,65
DA:176,65
DA:177,65
BRDA:126,418,1,271
BRDA:128,74,0,206
BRDA:128,88,0,182
BRDA:128,102,0,140
BRDA:128,74,1,65
BRDA:128,88,1,24
BRDA:128,102,1,42
BRDA:137,201,3,34
BRDA:137,201,4,5
BRDA:143,273,0,3
BRDA:143,273,1,2
BRDA:137,201,1,2
BRDA:137,201,5,0
BRDA:137,201,6,0
BRDA:137,201,2,1
BRDA:128,116,1,65
BRDA:128,116,0,271
BRDA:137,201,0,271
BRDA:126,418,0,65
FN:3,System.Void NetDaemon.Client.Internal.Extensions.JsonExtensions::.cctor()
FNDA:1,System.Void NetDaemon.Client.Internal.Extensions.JsonExtensions::.cctor()
DA:4,1
DA:5,1
DA:6,1
DA:7,1
LF:125
LH:113
BRF:49
BRH:41
FNF:8
FNH:7
end_of_record
SF:/workspaces/hassclient2_prototype/src/NetDaemon.HassClient/Internal/HomeAssistant/Messages/HassAuthMessage.cs
FN:6,System.String NetDaemon.Client.Internal.HomeAssistant.Messages.HassAuthMessage::get_AccessToken()
FNDA:21,System.String NetDaemon.Client.Internal.HomeAssistant.Messages.HassAuthMessage::get_AccessToken()
DA:7,21
FN:3,System.Void NetDaemon.Client.Internal.HomeAssistant.Messages.HassAuthMessage::.ctor()
FNDA:14,System.Void NetDaemon.Client.Internal.HomeAssistant.Messages.HassAuthMessage::.ctor()
DA:4,14
LF:2
LH:2
BRF:0
BRH:0
FNF:2
FNH:2
end_of_record
SF:/workspaces/hassclient2_prototype/src/NetDaemon.HassClient/Common/HomeAssistant/Model/HassMessage.cs
FN:5,NetDaemon.Client.Common.HomeAssistant.Model.HassEvent NetDaemon.Client.Internal.HomeAssistant.Commands.HassMessage::get_Event()
FNDA:0,NetDaemon.Client.Common.HomeAssistant.Model.HassEvent NetDaemon.Client.Internal.HomeAssistant.Commands.HassMessage::get_Event()
DA:6,0
FN:8,System.Int32 NetDaemon.Client.Internal.HomeAssistant.Commands.HassMessage::get_Id()
FNDA:44,System.Int32 NetDaemon.Client.Internal.HomeAssistant.Commands.HassMessage::get_Id()
DA:9,44
FN:11,System.String NetDaemon.Client.Internal.HomeAssistant.Commands.HassMessage::get_Message()
FNDA:1,System.String NetDaemon.Client.Internal.HomeAssistant.Commands.HassMessage::get_Message()
DA:12,1
FN:16,System.Nullable`1<System.Text.Json.JsonElement> NetDaemon.Client.Internal.HomeAssistant.Commands.HassMessage::get_ResultElement()
FNDA:33,System.Nullable`1<System.Text.Json.JsonElement> NetDaemon.Client.Internal.HomeAssistant.Commands.HassMessage::get_ResultElement()
DA:17,33
FN:19,System.Nullable`1<System.Boolean> NetDaemon.Client.Internal.HomeAssistant.Commands.HassMessage::get_Success()
FNDA:22,System.Nullable`1<System.Boolean> NetDaemon.Client.Internal.HomeAssistant.Commands.HassMessage::get_Success()
DA:20,22
FN:22,NetDaemon.Client.Common.HomeAssistant.Model.HassError NetDaemon.Client.Internal.HomeAssistant.Commands.HassMessage::get_Error()
FNDA:0,NetDaemon.Client.Common.HomeAssistant.Model.HassError NetDaemon.Client.Internal.HomeAssistant.Commands.HassMessage::get_Error()
DA:23,0
LF:6
LH:4
BRF:0
BRH:0
FNF:6
FNH:4
end_of_record
SF:/workspaces/hassclient2_prototype/src/NetDaemon.HassClient/Internal/HomeAssistant/Commands/CallServiceCommand.cs
FN:7,System.String NetDaemon.Client.Internal.HomeAssistant.Commands.CallServiceCommand::get_Domain()
FNDA:0,System.String NetDaemon.Client.Internal.HomeAssistant.Commands.CallServiceCommand::get_Domain()
DA:8,0
FN:10,System.String NetDaemon.Client.Internal.HomeAssistant.Commands.CallServiceCommand::get_Service()
FNDA:0,System.String NetDaemon.Client.Internal.HomeAssistant.Commands.CallServiceCommand::get_Service()
DA:11,0
FN:13,System.Object NetDaemon.Client.Internal.HomeAssistant.Commands.CallServiceCommand::get_ServiceData()
FNDA:0,System.Object NetDaemon.Client.Internal.HomeAssistant.Commands.CallServiceCommand::get_ServiceData()
DA:14,0
FN:16,NetDaemon.Client.Common.HomeAssistant.Model.HassTarget NetDaemon.Client.Internal.HomeAssistant.Commands.CallServiceCommand::get_Target()
FNDA:0,NetDaemon.Client.Common.HomeAssistant.Model.HassTarget NetDaemon.Client.Internal.HomeAssistant.Commands.CallServiceCommand::get_Target()
DA:17,0
FN:4,System.Void NetDaemon.Client.Internal.HomeAssistant.Commands.CallServiceCommand::.ctor()
FNDA:0,System.Void NetDaemon.Client.Internal.HomeAssistant.Commands.CallServiceCommand::.ctor()
DA:5,0
LF:5
LH:0
BRF:0
BRH:0
FNF:5
FNH:0
end_of_record
SF:/workspaces/hassclient2_prototype/src/NetDaemon.HassClient/Internal/HomeAssistant/Commands/SimpleCommand.cs
FN:3,System.Void NetDaemon.Client.Internal.HomeAssistant.Commands.SimpleCommand::.ctor(System.String)
FNDA:22,System.Void NetDaemon.Client.Internal.HomeAssistant.Commands.SimpleCommand::.ctor(System.String)
DA:4,22
LF:1
LH:1
BRF:0
BRH:0
FNF:1
FNH:1
end_of_record
SF:/workspaces/hassclient2_prototype/src/NetDaemon.HassClient/Internal/HomeAssistant/Commands/SubscribeEventCommand.cs
FN:6,System.String NetDaemon.Client.Internal.HomeAssistant.Commands.SubscribeEventCommand::get_EventType()
FNDA:0,System.String NetDaemon.Client.Internal.HomeAssistant.Commands.SubscribeEventCommand::get_EventType()
DA:7,0
FN:3,System.Void NetDaemon.Client.Internal.HomeAssistant.Commands.SubscribeEventCommand::.ctor()
FNDA:0,System.Void NetDaemon.Client.Internal.HomeAssistant.Commands.SubscribeEventCommand::.ctor()
DA:4,0
LF:2
LH:0
BRF:0
BRH:0
FNF:2
FNH:0
end_of_record
SF:/workspaces/hassclient2_prototype/src/NetDaemon.HassClient/Common/Settings/Settings.cs
FN:10,System.String NetDaemon.Client.Common.Settings.HomeAssistantSettings::get_Host()
FNDA:35,System.String NetDaemon.Client.Common.Settings.HomeAssistantSettings::get_Host()
DA:11,35
FN:14,System.Int32 NetDaemon.Client.Common.Settings.HomeAssistantSettings::get_Port()
FNDA:28,System.Int32 NetDaemon.Client.Common.Settings.HomeAssistantSettings::get_Port()
DA:15,28
FN:18,System.Boolean NetDaemon.Client.Common.Settings.HomeAssistantSettings::get_Ssl()
FNDA:21,System.Boolean NetDaemon.Client.Common.Settings.HomeAssistantSettings::get_Ssl()
DA:19,21
FN:22,System.String NetDaemon.Client.Common.Settings.HomeAssistantSettings::get_Token()
FNDA:28,System.String NetDaemon.Client.Common.Settings.HomeAssistantSettings::get_Token()
DA:23,28
LF:4
LH:4
BRF:0
BRH:0
FNF:4
FNH:4
end_of_record
SF:/workspaces/hassclient2_prototype/src/NetDaemon.HassClient/Common/HomeAssistant/Model/CommandMessage.cs
FN:4,System.Int32 NetDaemon.Client.Common.HomeAssistant.Model.CommandMessage::get_Id()
FNDA:33,System.Int32 NetDaemon.Client.Common.HomeAssistant.Model.CommandMessage::get_Id()
DA:5,33
LF:1
LH:1
BRF:0
BRH:0
FNF:1
FNH:1
end_of_record
SF:/workspaces/hassclient2_prototype/src/NetDaemon.HassClient/Common/HomeAssistant/Model/HassArea.cs
FN:4,System.String NetDaemon.Client.Common.HomeAssistant.Model.HassArea::get_Name()
FNDA:3,System.String NetDaemon.Client.Common.HomeAssistant.Model.HassArea::get_Name()
DA:5,3
FN:7,System.String NetDaemon.Client.Common.HomeAssistant.Model.HassArea::get_Id()
FNDA:3,System.String NetDaemon.Client.Common.HomeAssistant.Model.HassArea::get_Id()
DA:8,3
LF:2
LH:2
BRF:0
BRH:0
FNF:2
FNH:2
end_of_record
SF:/workspaces/hassclient2_prototype/src/NetDaemon.HassClient/Common/HomeAssistant/Model/HassConfig.cs
FN:4,System.Collections.Generic.IReadOnlyCollection`1<System.String> NetDaemon.Client.Common.HomeAssistant.Model.HassConfig::get_Components()
FNDA:6,System.Collections.Generic.IReadOnlyCollection`1<System.String> NetDaemon.Client.Common.HomeAssistant.Model.HassConfig::get_Components()
DA:5,6
FN:7,System.String NetDaemon.Client.Common.HomeAssistant.Model.HassConfig::get_ConfigDir()
FNDA:6,System.String NetDaemon.Client.Common.HomeAssistant.Model.HassConfig::get_ConfigDir()
DA:8,6
FN:10,System.Nullable`1<System.Int32> NetDaemon.Client.Common.HomeAssistant.Model.HassConfig::get_Elevation()
FNDA:6,System.Nullable`1<System.Int32> NetDaemon.Client.Common.HomeAssistant.Model.HassConfig::get_Elevation()
DA:11,6
FN:13,System.Nullable`1<System.Single> NetDaemon.Client.Common.HomeAssistant.Model.HassConfig::get_Latitude()
FNDA:6,System.Nullable`1<System.Single> NetDaemon.Client.Common.HomeAssistant.Model.HassConfig::get_Latitude()
DA:14,6
FN:16,System.String NetDaemon.Client.Common.HomeAssistant.Model.HassConfig::get_LocationName()
FNDA:6,System.String NetDaemon.Client.Common.HomeAssistant.Model.HassConfig::get_LocationName()
DA:17,6
FN:19,System.Nullable`1<System.Single> NetDaemon.Client.Common.HomeAssistant.Model.HassConfig::get_Longitude()
FNDA:6,System.Nullable`1<System.Single> NetDaemon.Client.Common.HomeAssistant.Model.HassConfig::get_Longitude()
DA:20,6
FN:22,System.String NetDaemon.Client.Common.HomeAssistant.Model.HassConfig::get_TimeZone()
FNDA:6,System.String NetDaemon.Client.Common.HomeAssistant.Model.HassConfig::get_TimeZone()
DA:23,6
FN:25,NetDaemon.Client.Common.HomeAssistant.Model.HassUnitSystem NetDaemon.Client.Common.HomeAssistant.Model.HassConfig::get_UnitSystem()
FNDA:6,NetDaemon.Client.Common.HomeAssistant.Model.HassUnitSystem NetDaemon.Client.Common.HomeAssistant.Model.HassConfig::get_UnitSystem()
DA:26,6
FN:28,System.String NetDaemon.Client.Common.HomeAssistant.Model.HassConfig::get_Version()
FNDA:6,System.String NetDaemon.Client.Common.HomeAssistant.Model.HassConfig::get_Version()
DA:29,6
FN:31,System.String NetDaemon.Client.Common.HomeAssistant.Model.HassConfig::get_State()
FNDA:12,System.String NetDaemon.Client.Common.HomeAssistant.Model.HassConfig::get_State()
DA:32,12
FN:34,System.Collections.Generic.IReadOnlyCollection`1<System.String> NetDaemon.Client.Common.HomeAssistant.Model.HassConfig::get_WhitelistExternalDirs()
FNDA:6,System.Collections.Generic.IReadOnlyCollection`1<System.String> NetDaemon.Client.Common.HomeAssistant.Model.HassConfig::get_WhitelistExternalDirs()
DA:35,6
LF:11
LH:11
BRF:0
BRH:0
FNF:11
FNH:11
end_of_record
SF:/workspaces/hassclient2_prototype/src/NetDaemon.HassClient/Common/HomeAssistant/Model/HassContext.cs
FN:4,System.String NetDaemon.Client.Common.HomeAssistant.Model.HassContext::get_Id()
FNDA:38,System.String NetDaemon.Client.Common.HomeAssistant.Model.HassContext::get_Id()
DA:5,38
FN:7,System.String NetDaemon.Client.Common.HomeAssistant.Model.HassContext::get_ParentId()
FNDA:19,System.String NetDaemon.Client.Common.HomeAssistant.Model.HassContext::get_ParentId()
DA:8,19
FN:10,System.String NetDaemon.Client.Common.HomeAssistant.Model.HassContext::get_UserId()
FNDA:19,System.String NetDaemon.Client.Common.HomeAssistant.Model.HassContext::get_UserId()
DA:11,19
LF:3
LH:3
BRF:0
BRH:0
FNF:3
FNH:3
end_of_record
SF:/workspaces/hassclient2_prototype/src/NetDaemon.HassClient/Common/HomeAssistant/Model/HassDevice.cs
FN:5,System.String NetDaemon.Client.Common.HomeAssistant.Model.HassDevice::get_Manufacturer()
FNDA:2,System.String NetDaemon.Client.Common.HomeAssistant.Model.HassDevice::get_Manufacturer()
DA:6,2
FN:9,System.String NetDaemon.Client.Common.HomeAssistant.Model.HassDevice::get_Model()
FNDA:2,System.String NetDaemon.Client.Common.HomeAssistant.Model.HassDevice::get_Model()
DA:10,2
FN:12,System.String NetDaemon.Client.Common.HomeAssistant.Model.HassDevice::get_Id()
FNDA:2,System.String NetDaemon.Client.Common.HomeAssistant.Model.HassDevice::get_Id()
DA:13,2
FN:15,System.String NetDaemon.Client.Common.HomeAssistant.Model.HassDevice::get_AreaId()
FNDA:2,System.String NetDaemon.Client.Common.HomeAssistant.Model.HassDevice::get_AreaId()
DA:16,2
FN:18,System.String NetDaemon.Client.Common.HomeAssistant.Model.HassDevice::get_Name()
FNDA:2,System.String NetDaemon.Client.Common.HomeAssistant.Model.HassDevice::get_Name()
DA:19,2
FN:21,System.String NetDaemon.Client.Common.HomeAssistant.Model.HassDevice::get_NameByUser()
FNDA:2,System.String NetDaemon.Client.Common.HomeAssistant.Model.HassDevice::get_NameByUser()
DA:22,2
LF:6
LH:6
BRF:0
BRH:0
FNF:6
FNH:6
end_of_record
SF:/workspaces/hassclient2_prototype/src/NetDaemon.HassClient/Common/HomeAssistant/Model/HassEntity.cs
FN:5,System.String NetDaemon.Client.Common.HomeAssistant.Model.HassEntity::get_DeviceId()
FNDA:2,System.String NetDaemon.Client.Common.HomeAssistant.Model.HassEntity::get_DeviceId()
DA:6,2
FN:8,System.String NetDaemon.Client.Common.HomeAssistant.Model.HassEntity::get_EntityId()
FNDA:2,System.String NetDaemon.Client.Common.HomeAssistant.Model.HassEntity::get_EntityId()
DA:9,2
FN:11,System.String NetDaemon.Client.Common.HomeAssistant.Model.HassEntity::get_AreaId()
FNDA:0,System.String NetDaemon.Client.Common.HomeAssistant.Model.HassEntity::get_AreaId()
DA:12,0
FN:14,System.String NetDaemon.Client.Common.HomeAssistant.Model.HassEntity::get_Name()
FNDA:2,System.String NetDaemon.Client.Common.HomeAssistant.Model.HassEntity::get_Name()
DA:15,2
FN:17,System.String NetDaemon.Client.Common.HomeAssistant.Model.HassEntity::get_Icon()
FNDA:2,System.String NetDaemon.Client.Common.HomeAssistant.Model.HassEntity::get_Icon()
DA:18,2
FN:20,System.String NetDaemon.Client.Common.HomeAssistant.Model.HassEntity::get_Platform()
FNDA:2,System.String NetDaemon.Client.Common.HomeAssistant.Model.HassEntity::get_Platform()
DA:21,2
LF:6
LH:5
BRF:0
BRH:0
FNF:6
FNH:5
end_of_record
SF:/workspaces/hassclient2_prototype/src/NetDaemon.HassClient/Common/HomeAssistant/Model/HassError.cs
FN:5,System.Object NetDaemon.Client.Common.HomeAssistant.Model.HassError::get_Code()
FNDA:0,System.Object NetDaemon.Client.Common.HomeAssistant.Model.HassError::get_Code()
DA:6,0
FN:8,System.String NetDaemon.Client.Common.HomeAssistant.Model.HassError::get_Message()
FNDA:0,System.String NetDaemon.Client.Common.HomeAssistant.Model.HassError::get_Message()
DA:9,0
LF:2
LH:0
BRF:0
BRH:0
FNF:2
FNH:0
end_of_record
SF:/workspaces/hassclient2_prototype/src/NetDaemon.HassClient/Common/HomeAssistant/Model/HassEvent.cs
FN:5,System.Nullable`1<System.Text.Json.JsonElement> NetDaemon.Client.Common.HomeAssistant.Model.HassEvent::get_DataElement()
FNDA:0,System.Nullable`1<System.Text.Json.JsonElement> NetDaemon.Client.Common.HomeAssistant.Model.HassEvent::get_DataElement()
DA:6,0
FN:8,System.String NetDaemon.Client.Common.HomeAssistant.Model.HassEvent::get_EventType()
FNDA:0,System.String NetDaemon.Client.Common.HomeAssistant.Model.HassEvent::get_EventType()
DA:9,0
FN:11,System.String NetDaemon.Client.Common.HomeAssistant.Model.HassEvent::get_Origin()
FNDA:0,System.String NetDaemon.Client.Common.HomeAssistant.Model.HassEvent::get_Origin()
DA:12,0
FN:14,System.Nullable`1<System.DateTime> NetDaemon.Client.Common.HomeAssistant.Model.HassEvent::get_TimeFired()
FNDA:0,System.Nullable`1<System.DateTime> NetDaemon.Client.Common.HomeAssistant.Model.HassEvent::get_TimeFired()
DA:15,0
LF:4
LH:0
BRF:0
BRH:0
FNF:4
FNH:0
end_of_record
SF:/workspaces/hassclient2_prototype/src/NetDaemon.HassClient/Common/HomeAssistant/Model/HassMessageBase.cs
FN:4,System.String NetDaemon.Client.Common.HomeAssistant.Model.HassMessageBase::get_Type()
FNDA:197,System.String NetDaemon.Client.Common.HomeAssistant.Model.HassMessageBase::get_Type()
DA:5,197
LF:1
LH:1
BRF:0
BRH:0
FNF:1
FNH:1
end_of_record
SF:/workspaces/hassclient2_prototype/src/NetDaemon.HassClient/Common/HomeAssistant/Model/HassService.cs
FN:4,System.String NetDaemon.Client.Common.HomeAssistant.Model.HassService::get_Service()
FNDA:81,System.String NetDaemon.Client.Common.HomeAssistant.Model.HassService::get_Service()
DA:5,81
FN:5,System.String NetDaemon.Client.Common.HomeAssistant.Model.HassService::get_Description()
FNDA:81,System.String NetDaemon.Client.Common.HomeAssistant.Model.HassService::get_Description()
DA:6,81
FN:6,System.Collections.Generic.IReadOnlyCollection`1<NetDaemon.Client.Common.HomeAssistant.Model.HassServiceField> NetDaemon.Client.Common.HomeAssistant.Model.HassService::get_Fields()
FNDA:81,System.Collections.Generic.IReadOnlyCollection`1<NetDaemon.Client.Common.HomeAssistant.Model.HassServiceField> NetDaemon.Client.Common.HomeAssistant.Model.HassService::get_Fields()
DA:7,81
FN:7,NetDaemon.Client.Common.HomeAssistant.Model.TargetSelector NetDaemon.Client.Common.HomeAssistant.Model.HassService::get_Target()
FNDA:81,NetDaemon.Client.Common.HomeAssistant.Model.TargetSelector NetDaemon.Client.Common.HomeAssistant.Model.HassService::get_Target()
DA:8,81
LF:4
LH:4
BRF:0
BRH:0
FNF:4
FNH:4
end_of_record
SF:/workspaces/hassclient2_prototype/src/NetDaemon.HassClient/Common/HomeAssistant/Model/HassServiceDomain.cs
FN:4,System.String NetDaemon.Client.Common.HomeAssistant.Model.HassServiceDomain::get_Domain()
FNDA:25,System.String NetDaemon.Client.Common.HomeAssistant.Model.HassServiceDomain::get_Domain()
DA:5,25
FN:5,System.Collections.Generic.IReadOnlyCollection`1<NetDaemon.Client.Common.HomeAssistant.Model.HassService> NetDaemon.Client.Common.HomeAssistant.Model.HassServiceDomain::get_Services()
FNDA:25,System.Collections.Generic.IReadOnlyCollection`1<NetDaemon.Client.Common.HomeAssistant.Model.HassService> NetDaemon.Client.Common.HomeAssistant.Model.HassServiceDomain::get_Services()
DA:6,25
LF:2
LH:2
BRF:0
BRH:0
FNF:2
FNH:2
end_of_record
SF:/workspaces/hassclient2_prototype/src/NetDaemon.HassClient/Common/HomeAssistant/Model/HassServiceEventData.cs
FN:5,System.String NetDaemon.Client.Common.HomeAssistant.Model.HassServiceEventData::get_Domain()
FNDA:0,System.String NetDaemon.Client.Common.HomeAssistant.Model.HassServiceEventData::get_Domain()
DA:6,0
FN:8,System.String NetDaemon.Client.Common.HomeAssistant.Model.HassServiceEventData::get_Service()
FNDA:0,System.String NetDaemon.Client.Common.HomeAssistant.Model.HassServiceEventData::get_Service()
DA:9,0
FN:11,System.Nullable`1<System.Text.Json.JsonElement> NetDaemon.Client.Common.HomeAssistant.Model.HassServiceEventData::get_ServiceData()
FNDA:0,System.Nullable`1<System.Text.Json.JsonElement> NetDaemon.Client.Common.HomeAssistant.Model.HassServiceEventData::get_ServiceData()
DA:12,0
FN:13,System.Object NetDaemon.Client.Common.HomeAssistant.Model.HassServiceEventData::get_Data()
FNDA:0,System.Object NetDaemon.Client.Common.HomeAssistant.Model.HassServiceEventData::get_Data()
DA:14,0
LF:4
LH:0
BRF:0
BRH:0
FNF:4
FNH:0
end_of_record
SF:/workspaces/hassclient2_prototype/src/NetDaemon.HassClient/Common/HomeAssistant/Model/HassServiceField.cs
FN:4,System.String NetDaemon.Client.Common.HomeAssistant.Model.HassServiceField::get_Field()
FNDA:65,System.String NetDaemon.Client.Common.HomeAssistant.Model.HassServiceField::get_Field()
DA:5,65
FN:5,System.String NetDaemon.Client.Common.HomeAssistant.Model.HassServiceField::get_Description()
FNDA:65,System.String NetDaemon.Client.Common.HomeAssistant.Model.HassServiceField::get_Description()
DA:6,65
FN:6,System.Nullable`1<System.Boolean> NetDaemon.Client.Common.HomeAssistant.Model.HassServiceField::get_Required()
FNDA:65,System.Nullable`1<System.Boolean> NetDaemon.Client.Common.HomeAssistant.Model.HassServiceField::get_Required()
DA:7,65
FN:7,System.Object NetDaemon.Client.Common.HomeAssistant.Model.HassServiceField::get_Example()
FNDA:65,System.Object NetDaemon.Client.Common.HomeAssistant.Model.HassServiceField::get_Example()
DA:8,65
FN:8,System.Object NetDaemon.Client.Common.HomeAssistant.Model.HassServiceField::get_Selector()
FNDA:65,System.Object NetDaemon.Client.Common.HomeAssistant.Model.HassServiceField::get_Selector()
DA:9,65
LF:5
LH:5
BRF:0
BRH:0
FNF:5
FNH:5
end_of_record
SF:/workspaces/hassclient2_prototype/src/NetDaemon.HassClient/Common/HomeAssistant/Model/HassState.cs
FN:4,System.Nullable`1<System.Text.Json.JsonElement> NetDaemon.Client.Common.HomeAssistant.Model.HassState::get_AttributesJson()
FNDA:19,System.Nullable`1<System.Text.Json.JsonElement> NetDaemon.Client.Common.HomeAssistant.Model.HassState::get_AttributesJson()
DA:5,19
FN:8,System.Collections.Generic.IReadOnlyDictionary`2<System.String,System.Object> NetDaemon.Client.Common.HomeAssistant.Model.HassState::get_Attributes()
FNDA:0,System.Collections.Generic.IReadOnlyDictionary`2<System.String,System.Object> NetDaemon.Client.Common.HomeAssistant.Model.HassState::get_Attributes()
DA:9,0
BRDA:9,15,0,0
BRDA:9,15,1,0
BRDA:9,33,0,0
BRDA:9,33,1,0
FN:9,System.Void modreq(System.Runtime.CompilerServices.IsExternalInit) NetDaemon.Client.Common.HomeAssistant.Model.HassState::set_Attributes(System.Collections.Generic.IReadOnlyDictionary`2<System.String,System.Object>)
FNDA:0,System.Void modreq(System.Runtime.CompilerServices.IsExternalInit) NetDaemon.Client.Common.HomeAssistant.Model.HassState::set_Attributes(System.Collections.Generic.IReadOnlyDictionary`2<System.String,System.Object>)
DA:10,0
FN:12,T NetDaemon.Client.Common.HomeAssistant.Model.HassState::AttributesAs()
FNDA:0,T NetDaemon.Client.Common.HomeAssistant.Model.HassState::AttributesAs()
DA:13,0
BRDA:13,14,0,0
BRDA:13,14,1,0
FN:14,System.String NetDaemon.Client.Common.HomeAssistant.Model.HassState::get_EntityId()
FNDA:38,System.String NetDaemon.Client.Common.HomeAssistant.Model.HassState::get_EntityId()
DA:15,38
FN:16,System.DateTime NetDaemon.Client.Common.HomeAssistant.Model.HassState::get_LastChanged()
FNDA:38,System.DateTime NetDaemon.Client.Common.HomeAssistant.Model.HassState::get_LastChanged()
DA:17,38
FN:17,System.DateTime NetDaemon.Client.Common.HomeAssistant.Model.HassState::get_LastUpdated()
FNDA:38,System.DateTime NetDaemon.Client.Common.HomeAssistant.Model.HassState::get_LastUpdated()
DA:18,38
FN:18,System.String NetDaemon.Client.Common.HomeAssistant.Model.HassState::get_State()
FNDA:38,System.String NetDaemon.Client.Common.HomeAssistant.Model.HassState::get_State()
DA:19,38
FN:19,NetDaemon.Client.Common.HomeAssistant.Model.HassContext NetDaemon.Client.Common.HomeAssistant.Model.HassState::get_Context()
FNDA:19,NetDaemon.Client.Common.HomeAssistant.Model.HassContext NetDaemon.Client.Common.HomeAssistant.Model.HassState::get_Context()
DA:20,19
LF:9
LH:6
BRF:6
BRH:0
FNF:9
FNH:6
end_of_record
SF:/workspaces/hassclient2_prototype/src/NetDaemon.HassClient/Common/HomeAssistant/Model/HassStateChangedEventData.cs
FN:5,System.String NetDaemon.Client.Common.HomeAssistant.Model.HassStateChangedEventData::get_EntityId()
FNDA:0,System.String NetDaemon.Client.Common.HomeAssistant.Model.HassStateChangedEventData::get_EntityId()
DA:6,0
FN:8,NetDaemon.Client.Common.HomeAssistant.Model.HassState NetDaemon.Client.Common.HomeAssistant.Model.HassStateChangedEventData::get_NewState()
FNDA:0,NetDaemon.Client.Common.HomeAssistant.Model.HassState NetDaemon.Client.Common.HomeAssistant.Model.HassStateChangedEventData::get_NewState()
DA:9,0
FN:11,NetDaemon.Client.Common.HomeAssistant.Model.HassState NetDaemon.Client.Common.HomeAssistant.Model.HassStateChangedEventData::get_OldState()
FNDA:0,NetDaemon.Client.Common.HomeAssistant.Model.HassState NetDaemon.Client.Common.HomeAssistant.Model.HassStateChangedEventData::get_OldState()
DA:12,0
LF:3
LH:0
BRF:0
BRH:0
FNF:3
FNH:0
end_of_record
SF:/workspaces/hassclient2_prototype/src/NetDaemon.HassClient/Common/HomeAssistant/Model/HassUnitSystem.cs
FN:5,System.String NetDaemon.Client.Common.HomeAssistant.Model.HassUnitSystem::get_Length()
FNDA:6,System.String NetDaemon.Client.Common.HomeAssistant.Model.HassUnitSystem::get_Length()
DA:6,6
FN:8,System.String NetDaemon.Client.Common.HomeAssistant.Model.HassUnitSystem::get_Mass()
FNDA:6,System.String NetDaemon.Client.Common.HomeAssistant.Model.HassUnitSystem::get_Mass()
DA:9,6
FN:11,System.String NetDaemon.Client.Common.HomeAssistant.Model.HassUnitSystem::get_Temperature()
FNDA:6,System.String NetDaemon.Client.Common.HomeAssistant.Model.HassUnitSystem::get_Temperature()
DA:12,6
FN:14,System.String NetDaemon.Client.Common.HomeAssistant.Model.HassUnitSystem::get_Volume()
FNDA:6,System.String NetDaemon.Client.Common.HomeAssistant.Model.HassUnitSystem::get_Volume()
DA:15,6
LF:4
LH:4
BRF:0
BRH:0
FNF:4
FNH:4
end_of_record
SF:/workspaces/hassclient2_prototype/src/NetDaemon.HassClient/Common/HomeAssistant/Model/Selectors.cs
FN:12,NetDaemon.Client.Common.HomeAssistant.Model.DeviceSelector NetDaemon.Client.Common.HomeAssistant.Model.AreaSelector::get_Device()
FNDA:0,NetDaemon.Client.Common.HomeAssistant.Model.DeviceSelector NetDaemon.Client.Common.HomeAssistant.Model.AreaSelector::get_Device()
DA:13,0
FN:14,NetDaemon.Client.Common.HomeAssistant.Model.EntitySelector NetDaemon.Client.Common.HomeAssistant.Model.AreaSelector::get_Entity()
FNDA:0,NetDaemon.Client.Common.HomeAssistant.Model.EntitySelector NetDaemon.Client.Common.HomeAssistant.Model.AreaSelector::get_Entity()
DA:15,0
FN:23,System.String NetDaemon.Client.Common.HomeAssistant.Model.DeviceSelector::get_Integration()
FNDA:0,System.String NetDaemon.Client.Common.HomeAssistant.Model.DeviceSelector::get_Integration()
DA:24,0
FN:25,System.String NetDaemon.Client.Common.HomeAssistant.Model.DeviceSelector::get_Manufacturer()
FNDA:0,System.String NetDaemon.Client.Common.HomeAssistant.Model.DeviceSelector::get_Manufacturer()
DA:26,0
FN:27,System.String NetDaemon.Client.Common.HomeAssistant.Model.DeviceSelector::get_Model()
FNDA:0,System.String NetDaemon.Client.Common.HomeAssistant.Model.DeviceSelector::get_Model()
DA:28,0
FN:29,NetDaemon.Client.Common.HomeAssistant.Model.EntitySelector NetDaemon.Client.Common.HomeAssistant.Model.DeviceSelector::get_Entity()
FNDA:0,NetDaemon.Client.Common.HomeAssistant.Model.EntitySelector NetDaemon.Client.Common.HomeAssistant.Model.DeviceSelector::get_Entity()
DA:30,0
FN:34,System.String NetDaemon.Client.Common.HomeAssistant.Model.EntitySelector::get_Integration()
FNDA:0,System.String NetDaemon.Client.Common.HomeAssistant.Model.EntitySelector::get_Integration()
DA:35,0
FN:36,System.String NetDaemon.Client.Common.HomeAssistant.Model.EntitySelector::get_Domain()
FNDA:34,System.String NetDaemon.Client.Common.HomeAssistant.Model.EntitySelector::get_Domain()
DA:37,34
FN:38,System.String NetDaemon.Client.Common.HomeAssistant.Model.EntitySelector::get_DeviceClass()
FNDA:0,System.String NetDaemon.Client.Common.HomeAssistant.Model.EntitySelector::get_DeviceClass()
DA:39,0
FN:44,System.Double NetDaemon.Client.Common.HomeAssistant.Model.NumberSelector::get_Min()
FNDA:10,System.Double NetDaemon.Client.Common.HomeAssistant.Model.NumberSelector::get_Min()
DA:45,10
FN:47,System.Double NetDaemon.Client.Common.HomeAssistant.Model.NumberSelector::get_Max()
FNDA:10,System.Double NetDaemon.Client.Common.HomeAssistant.Model.NumberSelector::get_Max()
DA:48,10
FN:49,System.Nullable`1<System.Single> NetDaemon.Client.Common.HomeAssistant.Model.NumberSelector::get_Step()
FNDA:1,System.Nullable`1<System.Single> NetDaemon.Client.Common.HomeAssistant.Model.NumberSelector::get_Step()
DA:50,1
FN:51,System.String NetDaemon.Client.Common.HomeAssistant.Model.NumberSelector::get_UnitOfMeasurement()
FNDA:3,System.String NetDaemon.Client.Common.HomeAssistant.Model.NumberSelector::get_UnitOfMeasurement()
DA:52,3
FN:54,System.Nullable`1<NetDaemon.Client.Common.HomeAssistant.Model.NumberSelectorMode> NetDaemon.Client.Common.HomeAssistant.Model.NumberSelector::get_Mode()
FNDA:7,System.Nullable`1<NetDaemon.Client.Common.HomeAssistant.Model.NumberSelectorMode> NetDaemon.Client.Common.HomeAssistant.Model.NumberSelector::get_Mode()
DA:55,7
FN:70,System.Collections.Generic.IReadOnlyCollection`1<System.String> NetDaemon.Client.Common.HomeAssistant.Model.SelectSelector::get_Options()
FNDA:3,System.Collections.Generic.IReadOnlyCollection`1<System.String> NetDaemon.Client.Common.HomeAssistant.Model.SelectSelector::get_Options()
DA:71,3
FN:75,NetDaemon.Client.Common.HomeAssistant.Model.AreaSelector NetDaemon.Client.Common.HomeAssistant.Model.TargetSelector::get_Area()
FNDA:0,NetDaemon.Client.Common.HomeAssistant.Model.AreaSelector NetDaemon.Client.Common.HomeAssistant.Model.TargetSelector::get_Area()
DA:76,0
FN:77,NetDaemon.Client.Common.HomeAssistant.Model.DeviceSelector NetDaemon.Client.Common.HomeAssistant.Model.TargetSelector::get_Device()
FNDA:1,NetDaemon.Client.Common.HomeAssistant.Model.DeviceSelector NetDaemon.Client.Common.HomeAssistant.Model.TargetSelector::get_Device()
DA:78,1
FN:79,NetDaemon.Client.Common.HomeAssistant.Model.EntitySelector NetDaemon.Client.Common.HomeAssistant.Model.TargetSelector::get_Entity()
FNDA:39,NetDaemon.Client.Common.HomeAssistant.Model.EntitySelector NetDaemon.Client.Common.HomeAssistant.Model.TargetSelector::get_Entity()
DA:80,39
FN:84,System.Nullable`1<System.Boolean> NetDaemon.Client.Common.HomeAssistant.Model.TextSelector::get_Multiline()
FNDA:0,System.Nullable`1<System.Boolean> NetDaemon.Client.Common.HomeAssistant.Model.TextSelector::get_Multiline()
DA:85,0
LF:19
LH:9
BRF:0
BRH:0
FNF:19
FNH:9
end_of_record
SF:/workspaces/hassclient2_prototype/src/NetDaemon.HassClient/Common/HomeAssistant/Model/Targets.cs
FN:11,System.Collections.Generic.IReadOnlyCollection`1<System.String> NetDaemon.Client.Common.HomeAssistant.Model.HassTarget::get_EntityIds()
FNDA:0,System.Collections.Generic.IReadOnlyCollection`1<System.String> NetDaemon.Client.Common.HomeAssistant.Model.HassTarget::get_EntityIds()
DA:12,0
FN:17,System.Collections.Generic.IReadOnlyCollection`1<System.String> NetDaemon.Client.Common.HomeAssistant.Model.HassTarget::get_DeviceIds()
FNDA:0,System.Collections.Generic.IReadOnlyCollection`1<System.String> NetDaemon.Client.Common.HomeAssistant.Model.HassTarget::get_DeviceIds()
DA:18,0
FN:23,System.Collections.Generic.IReadOnlyCollection`1<System.String> NetDaemon.Client.Common.HomeAssistant.Model.HassTarget::get_AreaIds()
FNDA:0,System.Collections.Generic.IReadOnlyCollection`1<System.String> NetDaemon.Client.Common.HomeAssistant.Model.HassTarget::get_AreaIds()
DA:24,0
FN:5,System.Void NetDaemon.Client.Common.HomeAssistant.Model.HassTarget::.ctor()
FNDA:0,System.Void NetDaemon.Client.Common.HomeAssistant.Model.HassTarget::.ctor()
DA:6,0
DA:7,0
DA:8,0
DA:9,0
DA:10,0
DA:11,0
DA:13,0
DA:14,0
DA:15,0
DA:16,0
DA:17,0
DA:19,0
DA:20,0
DA:21,0
DA:22,0
DA:23,0
DA:25,0
LF:20
LH:0
BRF:0
BRH:0
FNF:4
FNH:0
end_of_record
SF:/workspaces/hassclient2_prototype/src/NetDaemon.HassClient/Common/HomeAssistant/Extensions/HassEventExtensions.cs
FN:4,NetDaemon.Client.Common.HomeAssistant.Model.HassStateChangedEventData NetDaemon.Client.Common.HomeAssistant.Extensions.HassEventExtensions::ToStateChangedEvent(NetDaemon.Client.Common.HomeAssistant.Model.HassEvent)
FNDA:0,NetDaemon.Client.Common.HomeAssistant.Model.HassStateChangedEventData NetDaemon.Client.Common.HomeAssistant.Extensions.HassEventExtensions::ToStateChangedEvent(NetDaemon.Client.Common.HomeAssistant.Model.HassEvent)
DA:5,0
DA:6,0
DA:7,0
DA:8,0
DA:9,0
BRDA:6,2,0,0
BRDA:6,2,1,0
BRDA:6,29,0,0
BRDA:6,29,1,0
LF:5
LH:0
BRF:4
BRH:0
FNF:1
FNH:0
end_of_record
SF:/workspaces/hassclient2_prototype/src/NetDaemon.HassClient/Common/HomeAssistant/Extensions/IHomeAssistantConnectionExtensions.cs
FN:77,System.Boolean NetDaemon.Client.Common.HomeAssistant.Extensions.IHomeAssistantConnectionExtensions/<>c::<PingAsync>b__6_0(NetDaemon.Client.Internal.HomeAssistant.Commands.HassMessage)
FNDA:0,System.Boolean NetDaemon.Client.Common.HomeAssistant.Extensions.IHomeAssistantConnectionExtensions/<>c::<PingAsync>b__6_0(NetDaemon.Client.Internal.HomeAssistant.Commands.HassMessage)
DA:78,0
FN:29,System.Void NetDaemon.Client.Common.HomeAssistant.Extensions.IHomeAssistantConnectionExtensions/<GetAreasAsync>d__2::MoveNext()
FNDA:1,System.Void NetDaemon.Client.Common.HomeAssistant.Extensions.IHomeAssistantConnectionExtensions/<GetAreasAsync>d__2::MoveNext()
DA:30,1
DA:31,1
DA:32,1
FN:59,System.Void NetDaemon.Client.Common.HomeAssistant.Extensions.IHomeAssistantConnectionExtensions/<GetConfigAsync>d__5::MoveNext()
FNDA:0,System.Void NetDaemon.Client.Common.HomeAssistant.Extensions.IHomeAssistantConnectionExtensions/<GetConfigAsync>d__5::MoveNext()
DA:60,0
DA:61,0
DA:62,0
DA:63,0
BRDA:60,150,0,0
BRDA:60,150,1,0
FN:39,System.Void NetDaemon.Client.Common.HomeAssistant.Extensions.IHomeAssistantConnectionExtensions/<GetDevicesAsync>d__3::MoveNext()
FNDA:1,System.Void NetDaemon.Client.Common.HomeAssistant.Extensions.IHomeAssistantConnectionExtensions/<GetDevicesAsync>d__3::MoveNext()
DA:40,1
DA:41,1
DA:42,1
FN:49,System.Void NetDaemon.Client.Common.HomeAssistant.Extensions.IHomeAssistantConnectionExtensions/<GetEntitiesAsync>d__4::MoveNext()
FNDA:1,System.Void NetDaemon.Client.Common.HomeAssistant.Extensions.IHomeAssistantConnectionExtensions/<GetEntitiesAsync>d__4::MoveNext()
DA:50,1
DA:51,1
DA:52,1
FN:19,System.Void NetDaemon.Client.Common.HomeAssistant.Extensions.IHomeAssistantConnectionExtensions/<GetServicesAsync>d__1::MoveNext()
FNDA:1,System.Void NetDaemon.Client.Common.HomeAssistant.Extensions.IHomeAssistantConnectionExtensions/<GetServicesAsync>d__1::MoveNext()
DA:20,1
DA:21,1
DA:22,1
FN:9,System.Void NetDaemon.Client.Common.HomeAssistant.Extensions.IHomeAssistantConnectionExtensions/<GetStatesAsync>d__0::MoveNext()
FNDA:1,System.Void NetDaemon.Client.Common.HomeAssistant.Extensions.IHomeAssistantConnectionExtensions/<GetStatesAsync>d__0::MoveNext()
DA:10,1
DA:11,1
DA:12,1
FN:71,System.Void NetDaemon.Client.Common.HomeAssistant.Extensions.IHomeAssistantConnectionExtensions/<PingAsync>d__6::MoveNext()
FNDA:0,System.Void NetDaemon.Client.Common.HomeAssistant.Extensions.IHomeAssistantConnectionExtensions/<PingAsync>d__6::MoveNext()
DA:72,0
DA:73,0
DA:74,0
DA:76,0
DA:77,0
DA:79,0
DA:80,0
DA:81,0
DA:83,0
DA:84,0
DA:85,0
DA:87,0
DA:88,0
DA:89,0
DA:90,0
DA:91,0
DA:93,0
DA:94,0
BRDA:73,29,0,0
BRDA:73,29,1,0
LF:38
LH:15
BRF:4
BRH:0
FNF:8
FNH:5
end_of_record
SF:/workspaces/hassclient2_prototype/src/NetDaemon.HassClient/Common/Extensions/ServiceCollectionExtension.cs
FN:5,Microsoft.Extensions.DependencyInjection.IServiceCollection NetDaemon.Client.Common.Extensions.ServiceCollectionExtensions::AddHomeAssistantClient(Microsoft.Extensions.DependencyInjection.IServiceCollection)
FNDA:0,Microsoft.Extensions.DependencyInjection.IServiceCollection NetDaemon.Client.Common.Extensions.ServiceCollectionExtensions::AddHomeAssistantClient(Microsoft.Extensions.DependencyInjection.IServiceCollection)
DA:6,0
DA:7,0
DA:8,0
DA:9,0
DA:10,0
DA:11,0
DA:12,0
DA:13,0
DA:14,0
DA:15,0
DA:16,0
DA:17,0
DA:18,0
FN:20,Microsoft.Extensions.DependencyInjection.IServiceCollection NetDaemon.Client.Common.Extensions.ServiceCollectionExtensions::AddWebSocketFactory(Microsoft.Extensions.DependencyInjection.IServiceCollection)
FNDA:0,Microsoft.Extensions.DependencyInjection.IServiceCollection NetDaemon.Client.Common.Extensions.ServiceCollectionExtensions::AddWebSocketFactory(Microsoft.Extensions.DependencyInjection.IServiceCollection)
DA:21,0
DA:22,0
DA:23,0
DA:24,0
DA:25,0
FN:27,Microsoft.Extensions.DependencyInjection.IServiceCollection NetDaemon.Client.Common.Extensions.ServiceCollectionExtensions::AddPipelineFactory(Microsoft.Extensions.DependencyInjection.IServiceCollection)
FNDA:0,Microsoft.Extensions.DependencyInjection.IServiceCollection NetDaemon.Client.Common.Extensions.ServiceCollectionExtensions::AddPipelineFactory(Microsoft.Extensions.DependencyInjection.IServiceCollection)
DA:28,0
DA:29,0
DA:30,0
DA:31,0
DA:32,0
FN:34,Microsoft.Extensions.DependencyInjection.IServiceCollection NetDaemon.Client.Common.Extensions.ServiceCollectionExtensions::AddConnectionFactory(Microsoft.Extensions.DependencyInjection.IServiceCollection)
FNDA:0,Microsoft.Extensions.DependencyInjection.IServiceCollection NetDaemon.Client.Common.Extensions.ServiceCollectionExtensions::AddConnectionFactory(Microsoft.Extensions.DependencyInjection.IServiceCollection)
DA:35,0
DA:36,0
DA:37,0
DA:38,0
DA:39,0
FN:41,Microsoft.Extensions.DependencyInjection.IServiceCollection NetDaemon.Client.Common.Extensions.ServiceCollectionExtensions::AddHttpClientAndFactory(Microsoft.Extensions.DependencyInjection.IServiceCollection)
FNDA:0,Microsoft.Extensions.DependencyInjection.IServiceCollection NetDaemon.Client.Common.Extensions.ServiceCollectionExtensions::AddHttpClientAndFactory(Microsoft.Extensions.DependencyInjection.IServiceCollection)
DA:42,0
DA:43,0
DA:44,0
DA:45,0
DA:46,0
FN:48,System.Net.Http.HttpMessageHandler NetDaemon.Client.Common.Extensions.ServiceCollectionExtensions::ConfigureHttpMessageHandler(System.IServiceProvider)
FNDA:0,System.Net.Http.HttpMessageHandler NetDaemon.Client.Common.Extensions.ServiceCollectionExtensions::ConfigureHttpMessageHandler(System.IServiceProvider)
DA:49,0
DA:50,0
DA:51,0
DA:52,0
BRDA:51,10,0,0
BRDA:51,10,1,0
LF:37
LH:0
BRF:2
BRH:0
FNF:6
FNH:0
end_of_record
SF:/workspaces/hassclient2_prototype/src/NetDaemon.HassClient/Common/Exceptions/HomeAssistantConnectionException.cs
FN:4,NetDaemon.Client.Common.DisconnectReason NetDaemon.Client.Common.Exceptions.HomeAssistantConnectionException::get_Reason()
FNDA:0,NetDaemon.Client.Common.DisconnectReason NetDaemon.Client.Common.Exceptions.HomeAssistantConnectionException::get_Reason()
DA:5,0
FN:5,System.Void NetDaemon.Client.Common.Exceptions.HomeAssistantConnectionException::.ctor()
FNDA:0,System.Void NetDaemon.Client.Common.Exceptions.HomeAssistantConnectionException::.ctor()
DA:6,0
DA:7,0
DA:8,0
FN:9,System.Void NetDaemon.Client.Common.Exceptions.HomeAssistantConnectionException::.ctor(System.String)
FNDA:0,System.Void NetDaemon.Client.Common.Exceptions.HomeAssistantConnectionException::.ctor(System.String)
DA:10,0
DA:11,0
DA:12,0
FN:13,System.Void NetDaemon.Client.Common.Exceptions.HomeAssistantConnectionException::.ctor(NetDaemon.Client.Common.DisconnectReason)
FNDA:1,System.Void NetDaemon.Client.Common.Exceptions.HomeAssistantConnectionException::.ctor(NetDaemon.Client.Common.DisconnectReason)
DA:14,1
DA:15,1
DA:16,1
FN:17,System.Void NetDaemon.Client.Common.Exceptions.HomeAssistantConnectionException::.ctor(System.String,System.Exception)
FNDA:0,System.Void NetDaemon.Client.Common.Exceptions.HomeAssistantConnectionException::.ctor(System.String,System.Exception)
DA:18,0
DA:19,0
DA:20,0
LF:13
LH:3
BRF:0
BRH:0
FNF:5
FNH:1
end_of_record